Build started 2019-04-11 01:33:43 PM.
     1>Project "C:\Users\D Bhagawandin\Documents\CAMPUS STUFF\2019\design 3\finalDesign\finalDesign\finalDesign.vcxproj" on node 2 (Build target(s)).
     1>ClCompile:
         C:\Program Files (x86)\Microsoft Visual Studio 12.0\VC\bin\CL.exe /c /AI"C:\Program Files (x86)\Reference Assemblies\Microsoft\Framework\.NETFramework\v4.5\\" /AI"C:\Program Files (x86)\Windows Kits\8.1\References\CommonConfiguration\Neutral" /AI"C:\Program Files (x86)\Reference Assemblies\Microsoft\Framework\.NETFramework\v4.5\Facades\\" /Zi /clr /nologo /W3 /WX- /Od /Oy- /D WIN32 /D _DEBUG /D _UNICODE /D UNICODE /EHa /MDd /GS /fp:precise /Zc:wchar_t /Zc:forScope /Fo"Debug\\" /Fd"Debug\vc120.pdb" /TP /FU"C:\Program Files (x86)\Reference Assemblies\Microsoft\Framework\.NETFramework\v4.5\mscorlib.dll" /FU"C:\Program Files (x86)\MySQL\Connector.NET 6.9\Assemblies\v4.5\MySql.Data.dll" /FU"C:\Program Files (x86)\Reference Assemblies\Microsoft\Framework\.NETFramework\v4.5\System.Data.dll" /FU"C:\Program Files (x86)\Reference Assemblies\Microsoft\Framework\.NETFramework\v4.5\System.dll" /FU"C:\Program Files (x86)\Reference Assemblies\Microsoft\Framework\.NETFramework\v4.5\System.Drawing.dll" /FU"C:\Program Files (x86)\Reference Assemblies\Microsoft\Framework\.NETFramework\v4.5\System.Windows.Forms.dll" /FU"C:\Program Files (x86)\Reference Assemblies\Microsoft\Framework\.NETFramework\v4.5\System.Xml.dll" /analyze- /errorReport:prompt /clr:nostdlib login.cpp
         login.cpp
       Link:
         C:\Program Files (x86)\Microsoft Visual Studio 12.0\VC\bin\link.exe /ERRORREPORT:PROMPT /OUT:"C:\Users\D Bhagawandin\Documents\CAMPUS STUFF\2019\design 3\finalDesign\Debug\finalDesign.exe" /INCREMENTAL /NOLOGO /ASSEMBLYRESOURCE:Debug\finalDesign.MyForm.resources /MANIFEST /MANIFESTUAC:"level='asInvoker' uiAccess='false'" /manifest:embed /DEBUG /PDB:"C:\Users\D Bhagawandin\Documents\CAMPUS STUFF\2019\design 3\finalDesign\Debug\finalDesign.pdb" /ASSEMBLYDEBUG /SUBSYSTEM:WINDOWS /TLBID:1 /ENTRY:"main" /DYNAMICBASE /FIXED:NO /NXCOMPAT /MACHINE:X86 Debug\login.obj
         Debug\MyForm.obj
         "Debug\.NETFramework,Version=v4.5.AssemblyAttributes.obj"
         finalDesign.vcxproj -> C:\Users\D Bhagawandin\Documents\CAMPUS STUFF\2019\design 3\finalDesign\Debug\finalDesign.exe
     1>Done Building Project "C:\Users\D Bhagawandin\Documents\CAMPUS STUFF\2019\design 3\finalDesign\finalDesign\finalDesign.vcxproj" (Build target(s)).

Project Performance Summary:
     3799 ms  C:\Users\D Bhagawandin\Documents\CAMPUS STUFF\2019\design 3\finalDesign\finalDesign\finalDesign.vcxproj   1 calls
               3799 ms  Build                                      1 calls

Target Performance Summary:
        0 ms  AfterBuildCompileEvent                     1 calls
        0 ms  BuildCompileTraverse                       1 calls
        0 ms  AfterBuildGenerateSources                  1 calls
        0 ms  ComputeCLCompileGeneratedXDCFiles          1 calls
        0 ms  ComputeManifestGeneratedLinkerInputs       1 calls
        0 ms  ResolveReferences                          1 calls
        0 ms  SelectClCompile                            1 calls
        0 ms  GetCopyToOutputDirectoryXamlAppDefs        1 calls
        0 ms  _CheckForCompileOutputs                    1 calls
        0 ms  GetResolvedWinMD                           1 calls
        0 ms  ExpandSDKReferences                        1 calls
        0 ms  _Manifest                                  1 calls
        0 ms  _Midl                                      1 calls
        0 ms  BeforeResGen                               1 calls
        0 ms  SelectCustomBuild                          1 calls
        0 ms  _ClCompile                                 1 calls
        0 ms  CreateCustomManifestResourceNames          1 calls
        0 ms  BeforeLink                                 1 calls
        0 ms  AfterBuild                                 1 calls
        0 ms  ComputeCLInputPDBName                      1 calls
        0 ms  BeforeResourceCompile                      1 calls
        0 ms  AfterResGen                                1 calls
        0 ms  PreLinkEvent                               1 calls
        0 ms  MetaGenInputsOutputs                       1 calls
        0 ms  CreateSatelliteAssemblies                  1 calls
        0 ms  BuildGenerateSources                       1 calls
        0 ms  _CopySourceItemsToOutputDirectory          1 calls
        0 ms  ComputeLinkImportLibraryOutputsForClean    1 calls
        0 ms  _ResGen                                    1 calls
        0 ms  GetFrameworkPaths                          1 calls
        0 ms  AfterResourceCompile                       1 calls
        0 ms  ComputeCLCompileGeneratedSbrFiles          1 calls
        0 ms  _Xsd                                       1 calls
        0 ms  ComputeCustomBuildOutput                   1 calls
        0 ms  CopyFilesToOutputDirectory                 1 calls
        0 ms  MakeDirsForBscMake                         1 calls
        0 ms  _BuildLinkAction                           1 calls
        0 ms  MakeDirsForResourceCompile                 1 calls
        0 ms  _ResourceCompile                           1 calls
        0 ms  ComputeLinkInputsFromProject               1 calls
        0 ms  Build                                      1 calls
        0 ms  _Link                                      1 calls
        0 ms  BuildLinkTraverse                          1 calls
        0 ms  ComputeRCOutputs                           1 calls
        0 ms  _XdcMake                                   1 calls
        0 ms  ImplicitlyExpandDesignTimeFacades          1 calls
        0 ms  _Deploy                                    1 calls
        0 ms  ComputeMIDLGeneratedCompileInputs          1 calls
        0 ms  _BscMake                                   1 calls
        0 ms  MakeDirsForMidl                            1 calls
        0 ms  AfterLink                                  1 calls
        0 ms  ComputeRCGeneratedLinkInputs               1 calls
        0 ms  GenerateTargetFrameworkMonikerAttribute    1 calls
        0 ms  ComputeCLOutputs                           1 calls
        0 ms  PrepareResourceNames                       1 calls
        0 ms  BuildCompile                               1 calls
        0 ms  AfterBuildGenerateSourcesEvent             1 calls
        0 ms  _SelectedFiles                             1 calls
        0 ms  AfterResolveReferences                     1 calls
        0 ms  BeforeResolveReferences                    1 calls
        0 ms  _PrepareForReferenceResolution             1 calls
        0 ms  DoLinkOutputFilesMatch                     1 calls
        0 ms  BuildLink                                  1 calls
        0 ms  BeforeClCompile                            1 calls
        0 ms  _BuildGenerateSourcesAction                1 calls
        0 ms  ComputeManifestInputsTargets               1 calls
        0 ms  GetInstalledSDKLocations                   1 calls
        0 ms  ComputeLegacyManifestEmbedding             1 calls
        0 ms  PreBuildEvent                              1 calls
        0 ms  BeforeBuildGenerateSources                 1 calls
        0 ms  BuildGenerateSourcesTraverse               1 calls
        0 ms  _SplitProjectReferencesByFileExistence     1 calls
        0 ms  PrepareForRun                              1 calls
        0 ms  _BuildCompileAction                        1 calls
        0 ms  AfterClCompile                             1 calls
        0 ms  PlatformPrepareForBuild                    1 calls
        0 ms  _Appverifier                               1 calls
        0 ms  _ALink                                     1 calls
        0 ms  ResolveSDKReferences                       1 calls
        0 ms  MakeDirsForXdcMake                         1 calls
        0 ms  ResGen                                     1 calls
        0 ms  ResolvedXDCMake                            1 calls
        0 ms  RegisterOutput                             1 calls
        1 ms  GetCopyToOutputDirectoryItems              1 calls
        1 ms  SplitResourcesByCulture                    1 calls
        1 ms  ComputeLinkSwitches                        1 calls
        1 ms  AssignTargetPaths                          1 calls
        1 ms  ResolveProjectReferences                   1 calls
        1 ms  ComputeCLGeneratedLinkInputs               1 calls
        1 ms  MakeDirsForLink                            1 calls
        1 ms  MakeDirsForCl                              1 calls
        1 ms  ComputeReferenceCLInput                    1 calls
        1 ms  ComputeMetaGenInputs                       1 calls
        1 ms  _PrepareForBuild                           1 calls
        1 ms  AfterMidl                                  1 calls
        1 ms  PostBuildEvent                             1 calls
        1 ms  AssignProjectConfiguration                 1 calls
        1 ms  WarnCompileDuplicatedFilename              1 calls
        1 ms  _GenerateSatelliteAssemblyInputs           1 calls
        2 ms  FinalizeBuildStatus                        1 calls
        3 ms  CreateManifestResourceNames                1 calls
        4 ms  SetBuildDefaultEnvironmentVariables        1 calls
        5 ms  PrepareForBuild                            1 calls
       10 ms  GetReferenceAssemblyPaths                  1 calls
       10 ms  _CheckForInvalidConfigurationAndPlatform   1 calls
       12 ms  ManagedIncrementalBuildPreProcessDependencyGraph   1 calls
       13 ms  CoreResGen                                 1 calls
       17 ms  ManagedIncrementalBuildPostProcessDependencyGraph   1 calls
       18 ms  InitializeBuildStatus                      1 calls
       74 ms  ResolveAssemblyReferences                  1 calls
      708 ms  MetaGen                                    1 calls
      822 ms  Link                                       1 calls
      854 ms  ClCompile                                  1 calls
     1228 ms  SetCABuildNativeEnvironmentVariables       1 calls

Build succeeded.

Time Elapsed 00:00:03.86
